<?xml version="1.0" encoding="UTF-8"?>
<!-- Generated by org.testng.reporters.JUnitReportReporter -->
<testsuite hostname="DESKTOP-B16TBML" failures="0" tests="1" name="AppTest.LoginTest" time="7.882" errors="0" timestamp="2022-11-12T21:56:18 IST" skipped="0">
  <testcase classname="AppTest.LoginTest" name="testLogin" time="7.882"/>
  <system-out/>
</testsuite> <!-- AppTest.LoginTest -->
